<?xml version="1.0" encoding="UTF-8"?>
<testsuites>
  <testsuite name="CodeIgniter Application Test Suite" tests="3" assertions="3" failures="0" errors="0" time="0.509096">
    <testsuite name="Welcome_test" file="/home/tihomir/Documents/Project/i-need/application/tests/controllers/Welcome_test.php" tests="3" assertions="3" failures="0" errors="0" time="0.509096">
      <testcase name="test_index" class="Welcome_test" file="/home/tihomir/Documents/Project/i-need/application/tests/controllers/Welcome_test.php" line="13" assertions="1" time="0.261752"/>
      <testcase name="test_method_404" class="Welcome_test" file="/home/tihomir/Documents/Project/i-need/application/tests/controllers/Welcome_test.php" line="19" assertions="1" time="0.246483"/>
      <testcase name="test_APPPATH" class="Welcome_test" file="/home/tihomir/Documents/Project/i-need/application/tests/controllers/Welcome_test.php" line="25" assertions="1" time="0.000861"/>
    </testsuite>
  </testsuite>
</testsuites>
